2024-08-29T00:12:09.367+05:30  INFO 20028 --- [ecommerce-sports-accessories] [main] .e.EcommerceSportsAccessoriesApplication : Starting EcommerceSportsAccessoriesApplication using Java 21.0.3 with PID 20028 (C:\Users\Somwanshi\Music\ecommerce-sports-accessories\target\classes started by Somwanshi in C:\Users\Somwanshi\Music\ecommerce-sports-accessories)
2024-08-29T00:12:09.398+05:30 DEBUG 20028 --- [ecommerce-sports-accessories] [main] .e.EcommerceSportsAccessoriesApplication : Running with Spring Boot v3.3.2, Spring v6.1.11
2024-08-29T00:12:09.400+05:30  INFO 20028 --- [ecommerce-sports-accessories] [main] .e.EcommerceSportsAccessoriesApplication : No active profile set, falling back to 1 default profile: "default"
2024-08-29T00:12:11.129+05:30  INFO 20028 --- [ecommerce-sports-accessories] [main] .s.d.r.c.RepositoryConfigurationDelegate : Bootstrapping Spring Data JPA repositories in DEFAULT mode.
2024-08-29T00:12:11.336+05:30  INFO 20028 --- [ecommerce-sports-accessories] [main] .s.d.r.c.RepositoryConfigurationDelegate : Finished Spring Data repository scanning in 188 ms. Found 7 JPA repository interfaces.
2024-08-29T00:12:12.516+05:30  INFO 20028 --- [ecommerce-sports-accessories] [main] o.s.b.w.embedded.tomcat.TomcatWebServer  : Tomcat initialized with port 8080 (http)
2024-08-29T00:12:12.542+05:30  INFO 20028 --- [ecommerce-sports-accessories] [main] o.apache.catalina.core.StandardService   : Starting service [Tomcat]
2024-08-29T00:12:12.542+05:30  INFO 20028 --- [ecommerce-sports-accessories] [main] o.apache.catalina.core.StandardEngine    : Starting Servlet engine: [Apache Tomcat/10.1.26]
2024-08-29T00:12:12.688+05:30  INFO 20028 --- [ecommerce-sports-accessories] [main] o.a.c.c.C.[Tomcat].[localhost].[/]       : Initializing Spring embedded WebApplicationContext
2024-08-29T00:12:12.689+05:30  INFO 20028 --- [ecommerce-sports-accessories] [main] w.s.c.ServletWebServerApplicationContext : Root WebApplicationContext: initialization completed in 3161 ms
2024-08-29T00:12:13.119+05:30  INFO 20028 --- [ecommerce-sports-accessories] [main] o.hibernate.jpa.internal.util.LogHelper  : HHH000204: Processing PersistenceUnitInfo [name: default]
2024-08-29T00:12:13.287+05:30  INFO 20028 --- [ecommerce-sports-accessories] [main] org.hibernate.Version                    : HHH000412: Hibernate ORM core version 6.5.2.Final
2024-08-29T00:12:13.364+05:30  INFO 20028 --- [ecommerce-sports-accessories] [main] o.h.c.internal.RegionFactoryInitiator    : HHH000026: Second-level cache disabled
2024-08-29T00:12:14.254+05:30  INFO 20028 --- [ecommerce-sports-accessories] [main] o.s.o.j.p.SpringPersistenceUnitInfo      : No LoadTimeWeaver setup: ignoring JPA class transformer
2024-08-29T00:12:14.321+05:30  INFO 20028 --- [ecommerce-sports-accessories] [main] com.zaxxer.hikari.HikariDataSource       : HikariPool-1 - Starting...
2024-08-29T00:12:15.105+05:30  INFO 20028 --- [ecommerce-sports-accessories] [main] com.zaxxer.hikari.pool.HikariPool        : HikariPool-1 - Added connection com.mysql.cj.jdbc.ConnectionImpl@18463720
2024-08-29T00:12:15.110+05:30  INFO 20028 --- [ecommerce-sports-accessories] [main] com.zaxxer.hikari.HikariDataSource       : HikariPool-1 - Start completed.
2024-08-29T00:12:18.139+05:30  INFO 20028 --- [ecommerce-sports-accessories] [main] o.h.e.t.j.p.i.JtaPlatformInitiator       : HHH000489: No JTA platform available (set 'hibernate.transaction.jta.platform' to enable JTA platform integration)
2024-08-29T00:12:18.480+05:30  INFO 20028 --- [ecommerce-sports-accessories] [main] j.LocalContainerEntityManagerFactoryBean : Initialized JPA EntityManagerFactory for persistence unit 'default'
2024-08-29T00:12:19.557+05:30  INFO 20028 --- [ecommerce-sports-accessories] [main] o.s.d.j.r.query.QueryEnhancerFactory     : Hibernate is in classpath; If applicable, HQL parser will be used.
2024-08-29T00:12:20.762+05:30  WARN 20028 --- [ecommerce-sports-accessories] [main] JpaBaseConfiguration$JpaWebConfiguration : spring.jpa.open-in-view is enabled by default. Therefore, database queries may be performed during view rendering. Explicitly configure spring.jpa.open-in-view to disable this warning
2024-08-29T00:12:20.826+05:30  INFO 20028 --- [ecommerce-sports-accessories] [main] r$InitializeUserDetailsManagerConfigurer : Global AuthenticationManager configured with UserDetailsService bean with name customUserDetailsService
2024-08-29T00:12:22.202+05:30  INFO 20028 --- [ecommerce-sports-accessories] [main] o.s.b.w.embedded.tomcat.TomcatWebServer  : Tomcat started on port 8080 (http) with context path '/'
2024-08-29T00:12:22.218+05:30  INFO 20028 --- [ecommerce-sports-accessories] [main] .e.EcommerceSportsAccessoriesApplication : Started EcommerceSportsAccessoriesApplication in 13.859 seconds (process running for 15.736)
2024-08-29T00:18:24.444+05:30  INFO 20028 --- [ecommerce-sports-accessories] [http-nio-8080-exec-1] o.a.c.c.C.[Tomcat].[localhost].[/]       : Initializing Spring DispatcherServlet 'dispatcherServlet'
2024-08-29T00:18:24.445+05:30  INFO 20028 --- [ecommerce-sports-accessories] [http-nio-8080-exec-1] o.s.web.servlet.DispatcherServlet        : Initializing Servlet 'dispatcherServlet'
2024-08-29T00:18:24.450+05:30  INFO 20028 --- [ecommerce-sports-accessories] [http-nio-8080-exec-1] o.s.web.servlet.DispatcherServlet        : Completed initialization in 4 ms
2024-08-29T00:18:25.199+05:30  WARN 20028 --- [ecommerce-sports-accessories] [http-nio-8080-exec-3] .w.s.m.s.DefaultHandlerExceptionResolver : Ignoring exception, response committed already: org.springframework.http.converter.HttpMessageNotWritableException: Could not write JSON: Document nesting depth (1001) exceeds the maximum allowed (1000, from `StreamWriteConstraints.getMaxNestingDepth()`)
2024-08-29T00:18:25.205+05:30  WARN 20028 --- [ecommerce-sports-accessories] [http-nio-8080-exec-3] .w.s.m.s.DefaultHandlerExceptionResolver : Resolved [org.springframework.http.converter.HttpMessageNotWritableException: Could not write JSON: Document nesting depth (1001) exceeds the maximum allowed (1000, from `StreamWriteConstraints.getMaxNestingDepth()`)]
2024-08-29T00:18:25.228+05:30  WARN 20028 --- [ecommerce-sports-accessories] [http-nio-8080-exec-4] .w.s.m.s.DefaultHandlerExceptionResolver : Ignoring exception, response committed already: org.springframework.http.converter.HttpMessageNotWritableException: Could not write JSON: Document nesting depth (1001) exceeds the maximum allowed (1000, from `StreamWriteConstraints.getMaxNestingDepth()`)
2024-08-29T00:18:25.229+05:30  WARN 20028 --- [ecommerce-sports-accessories] [http-nio-8080-exec-4] .w.s.m.s.DefaultHandlerExceptionResolver : Resolved [org.springframework.http.converter.HttpMessageNotWritableException: Could not write JSON: Document nesting depth (1001) exceeds the maximum allowed (1000, from `StreamWriteConstraints.getMaxNestingDepth()`)]
2024-08-29T00:21:45.783+05:30  INFO 20028 --- [ecommerce-sports-accessories] [http-nio-8080-exec-8] c.ecommerce.controller.AuthController    : User login attempt: Admin420
2024-08-29T00:21:46.175+05:30  INFO 20028 --- [ecommerce-sports-accessories] [http-nio-8080-exec-8] c.ecommerce.controller.AuthController    : Login successful for user: Admin420
2024-08-29T00:23:25.230+05:30  WARN 20028 --- [ecommerce-sports-accessories] [http-nio-8080-exec-7] .w.s.m.s.DefaultHandlerExceptionResolver : Ignoring exception, response committed already: org.springframework.http.converter.HttpMessageNotWritableException: Could not write JSON: Document nesting depth (1001) exceeds the maximum allowed (1000, from `StreamWriteConstraints.getMaxNestingDepth()`)
2024-08-29T00:23:25.231+05:30  WARN 20028 --- [ecommerce-sports-accessories] [http-nio-8080-exec-7] .w.s.m.s.DefaultHandlerExceptionResolver : Resolved [org.springframework.http.converter.HttpMessageNotWritableException: Could not write JSON: Document nesting depth (1001) exceeds the maximum allowed (1000, from `StreamWriteConstraints.getMaxNestingDepth()`)]
2024-08-29T00:23:25.266+05:30  WARN 20028 --- [ecommerce-sports-accessories] [http-nio-8080-exec-8] .w.s.m.s.DefaultHandlerExceptionResolver : Ignoring exception, response committed already: org.springframework.http.converter.HttpMessageNotWritableException: Could not write JSON: Document nesting depth (1001) exceeds the maximum allowed (1000, from `StreamWriteConstraints.getMaxNestingDepth()`)
2024-08-29T00:23:25.266+05:30  WARN 20028 --- [ecommerce-sports-accessories] [http-nio-8080-exec-8] .w.s.m.s.DefaultHandlerExceptionResolver : Resolved [org.springframework.http.converter.HttpMessageNotWritableException: Could not write JSON: Document nesting depth (1001) exceeds the maximum allowed (1000, from `StreamWriteConstraints.getMaxNestingDepth()`)]
2024-08-29T00:23:51.071+05:30  WARN 20028 --- [ecommerce-sports-accessories] [http-nio-8080-exec-6] .w.s.m.s.DefaultHandlerExceptionResolver : Ignoring exception, response committed already: org.springframework.http.converter.HttpMessageNotWritableException: Could not write JSON: Document nesting depth (1001) exceeds the maximum allowed (1000, from `StreamWriteConstraints.getMaxNestingDepth()`)
2024-08-29T00:23:51.072+05:30  WARN 20028 --- [ecommerce-sports-accessories] [http-nio-8080-exec-6] .w.s.m.s.DefaultHandlerExceptionResolver : Resolved [org.springframework.http.converter.HttpMessageNotWritableException: Could not write JSON: Document nesting depth (1001) exceeds the maximum allowed (1000, from `StreamWriteConstraints.getMaxNestingDepth()`)]
2024-08-29T00:23:51.099+05:30  WARN 20028 --- [ecommerce-sports-accessories] [http-nio-8080-exec-7] .w.s.m.s.DefaultHandlerExceptionResolver : Ignoring exception, response committed already: org.springframework.http.converter.HttpMessageNotWritableException: Could not write JSON: Document nesting depth (1001) exceeds the maximum allowed (1000, from `StreamWriteConstraints.getMaxNestingDepth()`)
2024-08-29T00:23:51.100+05:30  WARN 20028 --- [ecommerce-sports-accessories] [http-nio-8080-exec-7] .w.s.m.s.DefaultHandlerExceptionResolver : Resolved [org.springframework.http.converter.HttpMessageNotWritableException: Could not write JSON: Document nesting depth (1001) exceeds the maximum allowed (1000, from `StreamWriteConstraints.getMaxNestingDepth()`)]
2024-08-29T00:24:07.375+05:30  WARN 20028 --- [ecommerce-sports-accessories] [http-nio-8080-exec-2] .w.s.m.s.DefaultHandlerExceptionResolver : Ignoring exception, response committed already: org.springframework.http.converter.HttpMessageNotWritableException: Could not write JSON: Document nesting depth (1001) exceeds the maximum allowed (1000, from `StreamWriteConstraints.getMaxNestingDepth()`)
2024-08-29T00:24:07.376+05:30  WARN 20028 --- [ecommerce-sports-accessories] [http-nio-8080-exec-2] .w.s.m.s.DefaultHandlerExceptionResolver : Resolved [org.springframework.http.converter.HttpMessageNotWritableException: Could not write JSON: Document nesting depth (1001) exceeds the maximum allowed (1000, from `StreamWriteConstraints.getMaxNestingDepth()`)]
2024-08-29T00:24:07.403+05:30  WARN 20028 --- [ecommerce-sports-accessories] [http-nio-8080-exec-3] .w.s.m.s.DefaultHandlerExceptionResolver : Ignoring exception, response committed already: org.springframework.http.converter.HttpMessageNotWritableException: Could not write JSON: Document nesting depth (1001) exceeds the maximum allowed (1000, from `StreamWriteConstraints.getMaxNestingDepth()`)
2024-08-29T00:24:07.404+05:30  WARN 20028 --- [ecommerce-sports-accessories] [http-nio-8080-exec-3] .w.s.m.s.DefaultHandlerExceptionResolver : Resolved [org.springframework.http.converter.HttpMessageNotWritableException: Could not write JSON: Document nesting depth (1001) exceeds the maximum allowed (1000, from `StreamWriteConstraints.getMaxNestingDepth()`)]
2024-08-29T00:24:13.034+05:30  WARN 20028 --- [ecommerce-sports-accessories] [http-nio-8080-exec-8] .w.s.m.s.DefaultHandlerExceptionResolver : Ignoring exception, response committed already: org.springframework.http.converter.HttpMessageNotWritableException: Could not write JSON: Document nesting depth (1001) exceeds the maximum allowed (1000, from `StreamWriteConstraints.getMaxNestingDepth()`)
2024-08-29T00:24:13.035+05:30  WARN 20028 --- [ecommerce-sports-accessories] [http-nio-8080-exec-8] .w.s.m.s.DefaultHandlerExceptionResolver : Resolved [org.springframework.http.converter.HttpMessageNotWritableException: Could not write JSON: Document nesting depth (1001) exceeds the maximum allowed (1000, from `StreamWriteConstraints.getMaxNestingDepth()`)]
2024-08-29T00:24:13.063+05:30  WARN 20028 --- [ecommerce-sports-accessories] [http-nio-8080-exec-10] .w.s.m.s.DefaultHandlerExceptionResolver : Ignoring exception, response committed already: org.springframework.http.converter.HttpMessageNotWritableException: Could not write JSON: Document nesting depth (1001) exceeds the maximum allowed (1000, from `StreamWriteConstraints.getMaxNestingDepth()`)
2024-08-29T00:24:13.063+05:30  WARN 20028 --- [ecommerce-sports-accessories] [http-nio-8080-exec-10] .w.s.m.s.DefaultHandlerExceptionResolver : Resolved [org.springframework.http.converter.HttpMessageNotWritableException: Could not write JSON: Document nesting depth (1001) exceeds the maximum allowed (1000, from `StreamWriteConstraints.getMaxNestingDepth()`)]
2024-08-29T00:24:16.681+05:30  WARN 20028 --- [ecommerce-sports-accessories] [http-nio-8080-exec-2] .w.s.m.s.DefaultHandlerExceptionResolver : Ignoring exception, response committed already: org.springframework.http.converter.HttpMessageNotWritableException: Could not write JSON: Document nesting depth (1001) exceeds the maximum allowed (1000, from `StreamWriteConstraints.getMaxNestingDepth()`)
2024-08-29T00:24:16.682+05:30  WARN 20028 --- [ecommerce-sports-accessories] [http-nio-8080-exec-2] .w.s.m.s.DefaultHandlerExceptionResolver : Resolved [org.springframework.http.converter.HttpMessageNotWritableException: Could not write JSON: Document nesting depth (1001) exceeds the maximum allowed (1000, from `StreamWriteConstraints.getMaxNestingDepth()`)]
2024-08-29T00:24:16.700+05:30  WARN 20028 --- [ecommerce-sports-accessories] [http-nio-8080-exec-3] .w.s.m.s.DefaultHandlerExceptionResolver : Ignoring exception, response committed already: org.springframework.http.converter.HttpMessageNotWritableException: Could not write JSON: Document nesting depth (1001) exceeds the maximum allowed (1000, from `StreamWriteConstraints.getMaxNestingDepth()`)
2024-08-29T00:24:16.700+05:30  WARN 20028 --- [ecommerce-sports-accessories] [http-nio-8080-exec-3] .w.s.m.s.DefaultHandlerExceptionResolver : Resolved [org.springframework.http.converter.HttpMessageNotWritableException: Could not write JSON: Document nesting depth (1001) exceeds the maximum allowed (1000, from `StreamWriteConstraints.getMaxNestingDepth()`)]
2024-08-29T00:24:20.255+05:30  WARN 20028 --- [ecommerce-sports-accessories] [http-nio-8080-exec-8] .w.s.m.s.DefaultHandlerExceptionResolver : Ignoring exception, response committed already: org.springframework.http.converter.HttpMessageNotWritableException: Could not write JSON: Document nesting depth (1001) exceeds the maximum allowed (1000, from `StreamWriteConstraints.getMaxNestingDepth()`)
2024-08-29T00:24:20.255+05:30  WARN 20028 --- [ecommerce-sports-accessories] [http-nio-8080-exec-8] .w.s.m.s.DefaultHandlerExceptionResolver : Resolved [org.springframework.http.converter.HttpMessageNotWritableException: Could not write JSON: Document nesting depth (1001) exceeds the maximum allowed (1000, from `StreamWriteConstraints.getMaxNestingDepth()`)]
2024-08-29T00:24:20.277+05:30  WARN 20028 --- [ecommerce-sports-accessories] [http-nio-8080-exec-10] .w.s.m.s.DefaultHandlerExceptionResolver : Ignoring exception, response committed already: org.springframework.http.converter.HttpMessageNotWritableException: Could not write JSON: Document nesting depth (1001) exceeds the maximum allowed (1000, from `StreamWriteConstraints.getMaxNestingDepth()`)
2024-08-29T00:24:20.278+05:30  WARN 20028 --- [ecommerce-sports-accessories] [http-nio-8080-exec-10] .w.s.m.s.DefaultHandlerExceptionResolver : Resolved [org.springframework.http.converter.HttpMessageNotWritableException: Could not write JSON: Document nesting depth (1001) exceeds the maximum allowed (1000, from `StreamWriteConstraints.getMaxNestingDepth()`)]
2024-08-29T00:34:44.068+05:30  INFO 20028 --- [ecommerce-sports-accessories] [RMI TCP Connection(26)-127.0.0.1] inMXBeanRegistrar$SpringApplicationAdmin : Application shutdown requested.
2024-08-29T00:34:44.098+05:30  INFO 20028 --- [ecommerce-sports-accessories] [RMI TCP Connection(26)-127.0.0.1] j.LocalContainerEntityManagerFactoryBean : Closing JPA EntityManagerFactory for persistence unit 'default'
2024-08-29T00:34:44.102+05:30  INFO 20028 --- [ecommerce-sports-accessories] [RMI TCP Connection(26)-127.0.0.1] com.zaxxer.hikari.HikariDataSource       : HikariPool-1 - Shutdown initiated...
2024-08-29T00:34:44.121+05:30  INFO 20028 --- [ecommerce-sports-accessories] [RMI TCP Connection(26)-127.0.0.1] com.zaxxer.hikari.HikariDataSource       : HikariPool-1 - Shutdown completed.
2024-08-29T00:34:58.609+05:30  INFO 17680 --- [ecommerce-sports-accessories] [main] .e.EcommerceSportsAccessoriesApplication : Starting EcommerceSportsAccessoriesApplication using Java 21.0.3 with PID 17680 (C:\Users\Somwanshi\Music\ecommerce-sports-accessories\target\classes started by Somwanshi in C:\Users\Somwanshi\Music\ecommerce-sports-accessories)
2024-08-29T00:34:58.612+05:30 DEBUG 17680 --- [ecommerce-sports-accessories] [main] .e.EcommerceSportsAccessoriesApplication : Running with Spring Boot v3.3.2, Spring v6.1.11
2024-08-29T00:34:58.614+05:30  INFO 17680 --- [ecommerce-sports-accessories] [main] .e.EcommerceSportsAccessoriesApplication : No active profile set, falling back to 1 default profile: "default"
2024-08-29T00:35:00.429+05:30  INFO 17680 --- [ecommerce-sports-accessories] [main] .s.d.r.c.RepositoryConfigurationDelegate : Bootstrapping Spring Data JPA repositories in DEFAULT mode.
2024-08-29T00:35:00.632+05:30  INFO 17680 --- [ecommerce-sports-accessories] [main] .s.d.r.c.RepositoryConfigurationDelegate : Finished Spring Data repository scanning in 184 ms. Found 7 JPA repository interfaces.
2024-08-29T00:35:01.866+05:30  INFO 17680 --- [ecommerce-sports-accessories] [main] o.s.b.w.embedded.tomcat.TomcatWebServer  : Tomcat initialized with port 8080 (http)
2024-08-29T00:35:01.896+05:30  INFO 17680 --- [ecommerce-sports-accessories] [main] o.apache.catalina.core.StandardService   : Starting service [Tomcat]
2024-08-29T00:35:01.897+05:30  INFO 17680 --- [ecommerce-sports-accessories] [main] o.apache.catalina.core.StandardEngine    : Starting Servlet engine: [Apache Tomcat/10.1.26]
2024-08-29T00:35:02.059+05:30  INFO 17680 --- [ecommerce-sports-accessories] [main] o.a.c.c.C.[Tomcat].[localhost].[/]       : Initializing Spring embedded WebApplicationContext
2024-08-29T00:35:02.060+05:30  INFO 17680 --- [ecommerce-sports-accessories] [main] w.s.c.ServletWebServerApplicationContext : Root WebApplicationContext: initialization completed in 3313 ms
2024-08-29T00:35:02.432+05:30  INFO 17680 --- [ecommerce-sports-accessories] [main] o.hibernate.jpa.internal.util.LogHelper  : HHH000204: Processing PersistenceUnitInfo [name: default]
2024-08-29T00:35:02.625+05:30  INFO 17680 --- [ecommerce-sports-accessories] [main] org.hibernate.Version                    : HHH000412: Hibernate ORM core version 6.5.2.Final
2024-08-29T00:35:02.730+05:30  INFO 17680 --- [ecommerce-sports-accessories] [main] o.h.c.internal.RegionFactoryInitiator    : HHH000026: Second-level cache disabled
2024-08-29T00:35:03.513+05:30  INFO 17680 --- [ecommerce-sports-accessories] [main] o.s.o.j.p.SpringPersistenceUnitInfo      : No LoadTimeWeaver setup: ignoring JPA class transformer
2024-08-29T00:35:03.582+05:30  INFO 17680 --- [ecommerce-sports-accessories] [main] com.zaxxer.hikari.HikariDataSource       : HikariPool-1 - Starting...
2024-08-29T00:35:04.443+05:30  INFO 17680 --- [ecommerce-sports-accessories] [main] com.zaxxer.hikari.pool.HikariPool        : HikariPool-1 - Added connection com.mysql.cj.jdbc.ConnectionImpl@30bd39d5
2024-08-29T00:35:04.448+05:30  INFO 17680 --- [ecommerce-sports-accessories] [main] com.zaxxer.hikari.HikariDataSource       : HikariPool-1 - Start completed.
2024-08-29T00:35:07.447+05:30  INFO 17680 --- [ecommerce-sports-accessories] [main] o.h.e.t.j.p.i.JtaPlatformInitiator       : HHH000489: No JTA platform available (set 'hibernate.transaction.jta.platform' to enable JTA platform integration)
2024-08-29T00:35:07.758+05:30  INFO 17680 --- [ecommerce-sports-accessories] [main] j.LocalContainerEntityManagerFactoryBean : Initialized JPA EntityManagerFactory for persistence unit 'default'
2024-08-29T00:35:08.715+05:30  INFO 17680 --- [ecommerce-sports-accessories] [main] o.s.d.j.r.query.QueryEnhancerFactory     : Hibernate is in classpath; If applicable, HQL parser will be used.
2024-08-29T00:35:09.793+05:30  WARN 17680 --- [ecommerce-sports-accessories] [main] JpaBaseConfiguration$JpaWebConfiguration : spring.jpa.open-in-view is enabled by default. Therefore, database queries may be performed during view rendering. Explicitly configure spring.jpa.open-in-view to disable this warning
2024-08-29T00:35:09.844+05:30  INFO 17680 --- [ecommerce-sports-accessories] [main] r$InitializeUserDetailsManagerConfigurer : Global AuthenticationManager configured with UserDetailsService bean with name customUserDetailsService
2024-08-29T00:35:11.082+05:30  INFO 17680 --- [ecommerce-sports-accessories] [main] o.s.b.w.embedded.tomcat.TomcatWebServer  : Tomcat started on port 8080 (http) with context path '/'
2024-08-29T00:35:11.097+05:30  INFO 17680 --- [ecommerce-sports-accessories] [main] .e.EcommerceSportsAccessoriesApplication : Started EcommerceSportsAccessoriesApplication in 13.526 seconds (process running for 15.392)
2024-08-29T00:35:27.268+05:30  INFO 17680 --- [ecommerce-sports-accessories] [http-nio-8080-exec-1] o.a.c.c.C.[Tomcat].[localhost].[/]       : Initializing Spring DispatcherServlet 'dispatcherServlet'
2024-08-29T00:35:27.269+05:30  INFO 17680 --- [ecommerce-sports-accessories] [http-nio-8080-exec-1] o.s.web.servlet.DispatcherServlet        : Initializing Servlet 'dispatcherServlet'
2024-08-29T00:35:27.272+05:30  INFO 17680 --- [ecommerce-sports-accessories] [http-nio-8080-exec-1] o.s.web.servlet.DispatcherServlet        : Completed initialization in 3 ms
2024-08-29T00:35:27.624+05:30  INFO 17680 --- [ecommerce-sports-accessories] [http-nio-8080-exec-1] c.ecommerce.controller.AuthController    : User login attempt: Admin420
2024-08-29T00:35:28.213+05:30  INFO 17680 --- [ecommerce-sports-accessories] [http-nio-8080-exec-1] c.ecommerce.controller.AuthController    : Login successful for user: Admin420
2024-08-29T00:37:56.826+05:30  WARN 17680 --- [ecommerce-sports-accessories] [http-nio-8080-exec-1] .w.s.m.s.DefaultHandlerExceptionResolver : Ignoring exception, response committed already: org.springframework.http.converter.HttpMessageNotWritableException: Could not write JSON: Document nesting depth (1001) exceeds the maximum allowed (1000, from `StreamWriteConstraints.getMaxNestingDepth()`)
2024-08-29T00:37:56.827+05:30  WARN 17680 --- [ecommerce-sports-accessories] [http-nio-8080-exec-2] .w.s.m.s.DefaultHandlerExceptionResolver : Ignoring exception, response committed already: org.springframework.http.converter.HttpMessageNotWritableException: Could not write JSON: Document nesting depth (1001) exceeds the maximum allowed (1000, from `StreamWriteConstraints.getMaxNestingDepth()`)
2024-08-29T00:37:56.828+05:30  WARN 17680 --- [ecommerce-sports-accessories] [http-nio-8080-exec-1] .w.s.m.s.DefaultHandlerExceptionResolver : Resolved [org.springframework.http.converter.HttpMessageNotWritableException: Could not write JSON: Document nesting depth (1001) exceeds the maximum allowed (1000, from `StreamWriteConstraints.getMaxNestingDepth()`)]
2024-08-29T00:37:56.828+05:30  WARN 17680 --- [ecommerce-sports-accessories] [http-nio-8080-exec-2] .w.s.m.s.DefaultHandlerExceptionResolver : Resolved [org.springframework.http.converter.HttpMessageNotWritableException: Could not write JSON: Document nesting depth (1001) exceeds the maximum allowed (1000, from `StreamWriteConstraints.getMaxNestingDepth()`)]
2024-08-29T00:38:36.836+05:30  WARN 17680 --- [ecommerce-sports-accessories] [http-nio-8080-exec-8] .w.s.m.s.DefaultHandlerExceptionResolver : Ignoring exception, response committed already: org.springframework.http.converter.HttpMessageNotWritableException: Could not write JSON: Document nesting depth (1001) exceeds the maximum allowed (1000, from `StreamWriteConstraints.getMaxNestingDepth()`)
2024-08-29T00:38:36.838+05:30  WARN 17680 --- [ecommerce-sports-accessories] [http-nio-8080-exec-8] .w.s.m.s.DefaultHandlerExceptionResolver : Resolved [org.springframework.http.converter.HttpMessageNotWritableException: Could not write JSON: Document nesting depth (1001) exceeds the maximum allowed (1000, from `StreamWriteConstraints.getMaxNestingDepth()`)]
2024-08-29T00:38:36.870+05:30  WARN 17680 --- [ecommerce-sports-accessories] [http-nio-8080-exec-6] .w.s.m.s.DefaultHandlerExceptionResolver : Ignoring exception, response committed already: org.springframework.http.converter.HttpMessageNotWritableException: Could not write JSON: Document nesting depth (1001) exceeds the maximum allowed (1000, from `StreamWriteConstraints.getMaxNestingDepth()`)
2024-08-29T00:38:36.871+05:30  WARN 17680 --- [ecommerce-sports-accessories] [http-nio-8080-exec-6] .w.s.m.s.DefaultHandlerExceptionResolver : Resolved [org.springframework.http.converter.HttpMessageNotWritableException: Could not write JSON: Document nesting depth (1001) exceeds the maximum allowed (1000, from `StreamWriteConstraints.getMaxNestingDepth()`)]
2024-08-29T00:39:06.245+05:30  WARN 17680 --- [ecommerce-sports-accessories] [http-nio-8080-exec-4] .w.s.m.s.DefaultHandlerExceptionResolver : Ignoring exception, response committed already: org.springframework.http.converter.HttpMessageNotWritableException: Could not write JSON: Document nesting depth (1001) exceeds the maximum allowed (1000, from `StreamWriteConstraints.getMaxNestingDepth()`)
2024-08-29T00:39:06.247+05:30  WARN 17680 --- [ecommerce-sports-accessories] [http-nio-8080-exec-4] .w.s.m.s.DefaultHandlerExceptionResolver : Resolved [org.springframework.http.converter.HttpMessageNotWritableException: Could not write JSON: Document nesting depth (1001) exceeds the maximum allowed (1000, from `StreamWriteConstraints.getMaxNestingDepth()`)]
2024-08-29T00:39:06.269+05:30  WARN 17680 --- [ecommerce-sports-accessories] [http-nio-8080-exec-5] .w.s.m.s.DefaultHandlerExceptionResolver : Ignoring exception, response committed already: org.springframework.http.converter.HttpMessageNotWritableException: Could not write JSON: Document nesting depth (1001) exceeds the maximum allowed (1000, from `StreamWriteConstraints.getMaxNestingDepth()`)
2024-08-29T00:39:06.269+05:30  WARN 17680 --- [ecommerce-sports-accessories] [http-nio-8080-exec-5] .w.s.m.s.DefaultHandlerExceptionResolver : Resolved [org.springframework.http.converter.HttpMessageNotWritableException: Could not write JSON: Document nesting depth (1001) exceeds the maximum allowed (1000, from `StreamWriteConstraints.getMaxNestingDepth()`)]
2024-08-29T00:39:09.146+05:30  WARN 17680 --- [ecommerce-sports-accessories] [http-nio-8080-exec-7] .w.s.m.s.DefaultHandlerExceptionResolver : Ignoring exception, response committed already: org.springframework.http.converter.HttpMessageNotWritableException: Could not write JSON: Document nesting depth (1001) exceeds the maximum allowed (1000, from `StreamWriteConstraints.getMaxNestingDepth()`)
2024-08-29T00:39:09.146+05:30  WARN 17680 --- [ecommerce-sports-accessories] [http-nio-8080-exec-7] .w.s.m.s.DefaultHandlerExceptionResolver : Resolved [org.springframework.http.converter.HttpMessageNotWritableException: Could not write JSON: Document nesting depth (1001) exceeds the maximum allowed (1000, from `StreamWriteConstraints.getMaxNestingDepth()`)]
2024-08-29T00:39:09.170+05:30  WARN 17680 --- [ecommerce-sports-accessories] [http-nio-8080-exec-8] .w.s.m.s.DefaultHandlerExceptionResolver : Ignoring exception, response committed already: org.springframework.http.converter.HttpMessageNotWritableException: Could not write JSON: Document nesting depth (1001) exceeds the maximum allowed (1000, from `StreamWriteConstraints.getMaxNestingDepth()`)
2024-08-29T00:39:09.171+05:30  WARN 17680 --- [ecommerce-sports-accessories] [http-nio-8080-exec-8] .w.s.m.s.DefaultHandlerExceptionResolver : Resolved [org.springframework.http.converter.HttpMessageNotWritableException: Could not write JSON: Document nesting depth (1001) exceeds the maximum allowed (1000, from `StreamWriteConstraints.getMaxNestingDepth()`)]
2024-08-29T00:49:08.380+05:30  WARN 17680 --- [ecommerce-sports-accessories] [http-nio-8080-exec-1] .w.s.m.s.DefaultHandlerExceptionResolver : Ignoring exception, response committed already: org.springframework.http.converter.HttpMessageNotWritableException: Could not write JSON: Document nesting depth (1001) exceeds the maximum allowed (1000, from `StreamWriteConstraints.getMaxNestingDepth()`)
2024-08-29T00:49:08.382+05:30  WARN 17680 --- [ecommerce-sports-accessories] [http-nio-8080-exec-1] .w.s.m.s.DefaultHandlerExceptionResolver : Resolved [org.springframework.http.converter.HttpMessageNotWritableException: Could not write JSON: Document nesting depth (1001) exceeds the maximum allowed (1000, from `StreamWriteConstraints.getMaxNestingDepth()`)]
2024-08-29T00:49:28.872+05:30  INFO 17680 --- [ecommerce-sports-accessories] [RMI TCP Connection(18)-127.0.0.1] inMXBeanRegistrar$SpringApplicationAdmin : Application shutdown requested.
2024-08-29T00:49:28.900+05:30  INFO 17680 --- [ecommerce-sports-accessories] [RMI TCP Connection(18)-127.0.0.1] j.LocalContainerEntityManagerFactoryBean : Closing JPA EntityManagerFactory for persistence unit 'default'
2024-08-29T00:49:28.905+05:30  INFO 17680 --- [ecommerce-sports-accessories] [RMI TCP Connection(18)-127.0.0.1] com.zaxxer.hikari.HikariDataSource       : HikariPool-1 - Shutdown initiated...
2024-08-29T00:49:28.922+05:30  INFO 17680 --- [ecommerce-sports-accessories] [RMI TCP Connection(18)-127.0.0.1] com.zaxxer.hikari.HikariDataSource       : HikariPool-1 - Shutdown completed.
2024-08-29T00:49:43.223+05:30  INFO 15952 --- [ecommerce-sports-accessories] [main] .e.EcommerceSportsAccessoriesApplication : Starting EcommerceSportsAccessoriesApplication using Java 21.0.3 with PID 15952 (C:\Users\Somwanshi\Music\ecommerce-sports-accessories\target\classes started by Somwanshi in C:\Users\Somwanshi\Music\ecommerce-sports-accessories)
2024-08-29T00:49:43.226+05:30 DEBUG 15952 --- [ecommerce-sports-accessories] [main] .e.EcommerceSportsAccessoriesApplication : Running with Spring Boot v3.3.2, Spring v6.1.11
2024-08-29T00:49:43.228+05:30  INFO 15952 --- [ecommerce-sports-accessories] [main] .e.EcommerceSportsAccessoriesApplication : No active profile set, falling back to 1 default profile: "default"
2024-08-29T00:49:44.968+05:30  INFO 15952 --- [ecommerce-sports-accessories] [main] .s.d.r.c.RepositoryConfigurationDelegate : Bootstrapping Spring Data JPA repositories in DEFAULT mode.
2024-08-29T00:49:45.168+05:30  INFO 15952 --- [ecommerce-sports-accessories] [main] .s.d.r.c.RepositoryConfigurationDelegate : Finished Spring Data repository scanning in 179 ms. Found 7 JPA repository interfaces.
2024-08-29T00:49:47.031+05:30  INFO 15952 --- [ecommerce-sports-accessories] [main] o.s.b.w.embedded.tomcat.TomcatWebServer  : Tomcat initialized with port 8080 (http)
2024-08-29T00:49:47.060+05:30  INFO 15952 --- [ecommerce-sports-accessories] [main] o.apache.catalina.core.StandardService   : Starting service [Tomcat]
2024-08-29T00:49:47.060+05:30  INFO 15952 --- [ecommerce-sports-accessories] [main] o.apache.catalina.core.StandardEngine    : Starting Servlet engine: [Apache Tomcat/10.1.26]
2024-08-29T00:49:47.207+05:30  INFO 15952 --- [ecommerce-sports-accessories] [main] o.a.c.c.C.[Tomcat].[localhost].[/]       : Initializing Spring embedded WebApplicationContext
2024-08-29T00:49:47.208+05:30  INFO 15952 --- [ecommerce-sports-accessories] [main] w.s.c.ServletWebServerApplicationContext : Root WebApplicationContext: initialization completed in 3872 ms
2024-08-29T00:49:47.566+05:30  INFO 15952 --- [ecommerce-sports-accessories] [main] o.hibernate.jpa.internal.util.LogHelper  : HHH000204: Processing PersistenceUnitInfo [name: default]
2024-08-29T00:49:47.750+05:30  INFO 15952 --- [ecommerce-sports-accessories] [main] org.hibernate.Version                    : HHH000412: Hibernate ORM core version 6.5.2.Final
2024-08-29T00:49:47.845+05:30  INFO 15952 --- [ecommerce-sports-accessories] [main] o.h.c.internal.RegionFactoryInitiator    : HHH000026: Second-level cache disabled
2024-08-29T00:49:48.640+05:30  INFO 15952 --- [ecommerce-sports-accessories] [main] o.s.o.j.p.SpringPersistenceUnitInfo      : No LoadTimeWeaver setup: ignoring JPA class transformer
2024-08-29T00:49:48.711+05:30  INFO 15952 --- [ecommerce-sports-accessories] [main] com.zaxxer.hikari.HikariDataSource       : HikariPool-1 - Starting...
2024-08-29T00:49:49.542+05:30  INFO 15952 --- [ecommerce-sports-accessories] [main] com.zaxxer.hikari.pool.HikariPool        : HikariPool-1 - Added connection com.mysql.cj.jdbc.ConnectionImpl@1c31de5d
2024-08-29T00:49:49.546+05:30  INFO 15952 --- [ecommerce-sports-accessories] [main] com.zaxxer.hikari.HikariDataSource       : HikariPool-1 - Start completed.
2024-08-29T00:49:52.525+05:30  INFO 15952 --- [ecommerce-sports-accessories] [main] o.h.e.t.j.p.i.JtaPlatformInitiator       : HHH000489: No JTA platform available (set 'hibernate.transaction.jta.platform' to enable JTA platform integration)
2024-08-29T00:49:52.835+05:30  INFO 15952 --- [ecommerce-sports-accessories] [main] j.LocalContainerEntityManagerFactoryBean : Initialized JPA EntityManagerFactory for persistence unit 'default'
2024-08-29T00:49:53.750+05:30  INFO 15952 --- [ecommerce-sports-accessories] [main] o.s.d.j.r.query.QueryEnhancerFactory     : Hibernate is in classpath; If applicable, HQL parser will be used.
2024-08-29T00:49:54.785+05:30  WARN 15952 --- [ecommerce-sports-accessories] [main] JpaBaseConfiguration$JpaWebConfiguration : spring.jpa.open-in-view is enabled by default. Therefore, database queries may be performed during view rendering. Explicitly configure spring.jpa.open-in-view to disable this warning
2024-08-29T00:49:54.833+05:30  INFO 15952 --- [ecommerce-sports-accessories] [main] r$InitializeUserDetailsManagerConfigurer : Global AuthenticationManager configured with UserDetailsService bean with name customUserDetailsService
2024-08-29T00:49:56.082+05:30  INFO 15952 --- [ecommerce-sports-accessories] [main] o.s.b.w.embedded.tomcat.TomcatWebServer  : Tomcat started on port 8080 (http) with context path '/'
2024-08-29T00:49:56.098+05:30  INFO 15952 --- [ecommerce-sports-accessories] [main] .e.EcommerceSportsAccessoriesApplication : Started EcommerceSportsAccessoriesApplication in 13.877 seconds (process running for 15.888)
2024-08-29T00:50:42.358+05:30  INFO 15952 --- [ecommerce-sports-accessories] [http-nio-8080-exec-1] o.a.c.c.C.[Tomcat].[localhost].[/]       : Initializing Spring DispatcherServlet 'dispatcherServlet'
2024-08-29T00:50:42.359+05:30  INFO 15952 --- [ecommerce-sports-accessories] [http-nio-8080-exec-1] o.s.web.servlet.DispatcherServlet        : Initializing Servlet 'dispatcherServlet'
2024-08-29T00:50:42.362+05:30  INFO 15952 --- [ecommerce-sports-accessories] [http-nio-8080-exec-1] o.s.web.servlet.DispatcherServlet        : Completed initialization in 3 ms
2024-08-29T00:50:42.722+05:30  INFO 15952 --- [ecommerce-sports-accessories] [http-nio-8080-exec-1] c.ecommerce.controller.AuthController    : User login attempt: Admin420
2024-08-29T00:50:43.275+05:30  INFO 15952 --- [ecommerce-sports-accessories] [http-nio-8080-exec-1] c.ecommerce.controller.AuthController    : Login successful for user: Admin420
2024-08-29T00:54:06.946+05:30  WARN 15952 --- [ecommerce-sports-accessories] [http-nio-8080-exec-4] .w.s.m.s.DefaultHandlerExceptionResolver : Ignoring exception, response committed already: org.springframework.http.converter.HttpMessageNotWritableException: Could not write JSON: Document nesting depth (1001) exceeds the maximum allowed (1000, from `StreamWriteConstraints.getMaxNestingDepth()`)
2024-08-29T00:54:06.946+05:30  WARN 15952 --- [ecommerce-sports-accessories] [http-nio-8080-exec-5] .w.s.m.s.DefaultHandlerExceptionResolver : Ignoring exception, response committed already: org.springframework.http.converter.HttpMessageNotWritableException: Could not write JSON: Document nesting depth (1001) exceeds the maximum allowed (1000, from `StreamWriteConstraints.getMaxNestingDepth()`)
2024-08-29T00:54:06.948+05:30  WARN 15952 --- [ecommerce-sports-accessories] [http-nio-8080-exec-5] .w.s.m.s.DefaultHandlerExceptionResolver : Resolved [org.springframework.http.converter.HttpMessageNotWritableException: Could not write JSON: Document nesting depth (1001) exceeds the maximum allowed (1000, from `StreamWriteConstraints.getMaxNestingDepth()`)]
2024-08-29T00:54:06.948+05:30  WARN 15952 --- [ecommerce-sports-accessories] [http-nio-8080-exec-4] .w.s.m.s.DefaultHandlerExceptionResolver : Resolved [org.springframework.http.converter.HttpMessageNotWritableException: Could not write JSON: Document nesting depth (1001) exceeds the maximum allowed (1000, from `StreamWriteConstraints.getMaxNestingDepth()`)]
2024-08-29T00:54:34.294+05:30  WARN 15952 --- [ecommerce-sports-accessories] [http-nio-8080-exec-9] .w.s.m.s.DefaultHandlerExceptionResolver : Ignoring exception, response committed already: org.springframework.http.converter.HttpMessageNotWritableException: Could not write JSON: Document nesting depth (1001) exceeds the maximum allowed (1000, from `StreamWriteConstraints.getMaxNestingDepth()`)
2024-08-29T00:54:34.296+05:30  WARN 15952 --- [ecommerce-sports-accessories] [http-nio-8080-exec-9] .w.s.m.s.DefaultHandlerExceptionResolver : Resolved [org.springframework.http.converter.HttpMessageNotWritableException: Could not write JSON: Document nesting depth (1001) exceeds the maximum allowed (1000, from `StreamWriteConstraints.getMaxNestingDepth()`)]
2024-08-29T00:55:26.157+05:30  INFO 15952 --- [ecommerce-sports-accessories] [RMI TCP Connection(8)-127.0.0.1] inMXBeanRegistrar$SpringApplicationAdmin : Application shutdown requested.
2024-08-29T00:55:26.195+05:30  INFO 15952 --- [ecommerce-sports-accessories] [RMI TCP Connection(8)-127.0.0.1] j.LocalContainerEntityManagerFactoryBean : Closing JPA EntityManagerFactory for persistence unit 'default'
2024-08-29T00:55:26.202+05:30  INFO 15952 --- [ecommerce-sports-accessories] [RMI TCP Connection(8)-127.0.0.1] com.zaxxer.hikari.HikariDataSource       : HikariPool-1 - Shutdown initiated...
2024-08-29T00:55:26.228+05:30  INFO 15952 --- [ecommerce-sports-accessories] [RMI TCP Connection(8)-127.0.0.1] com.zaxxer.hikari.HikariDataSource       : HikariPool-1 - Shutdown completed.
